==========================================
SLURM_JOB_ID = 18691195
SLURM_JOB_NODELIST = a04-08
TMPDIR = /tmp/SLURM_18691195
==========================================
Time to build tree (sec): 64848.82
Traceback (most recent call last):
  File "/home1/yyu56253/BHH/main_6.py", line 131, in <module>
    results = list(executor.map(worker, leaf_nodes))
                   ^^^^^^^^^^^^^^^^^^^^^^^^^^^^^^^^
  File "/spack/2206/apps/linux-centos7-x86_64_v3/gcc-11.3.0/python-3.11.3-gl2q3yz/lib/python3.11/concurrent/futures/process.py", line 816, in map
    results = super().map(partial(_process_chunk, fn),
              ^^^^^^^^^^^^^^^^^^^^^^^^^^^^^^^^^^^^^^^^
  File "/spack/2206/apps/linux-centos7-x86_64_v3/gcc-11.3.0/python-3.11.3-gl2q3yz/lib/python3.11/concurrent/futures/_base.py", line 608, in map
    fs = [self.submit(fn, *args) for args in zip(*iterables)]
         ^^^^^^^^^^^^^^^^^^^^^^^^^^^^^^^^^^^^^^^^^^^^^^^^^^^^
  File "/spack/2206/apps/linux-centos7-x86_64_v3/gcc-11.3.0/python-3.11.3-gl2q3yz/lib/python3.11/concurrent/futures/_base.py", line 608, in <listcomp>
    fs = [self.submit(fn, *args) for args in zip(*iterables)]
         ^^^^^^^^^^^^^^^^^^^^^^^^^^^^^^^^^^^^^^^^^^^^^^^^^^^^
  File "/spack/2206/apps/linux-centos7-x86_64_v3/gcc-11.3.0/python-3.11.3-gl2q3yz/lib/python3.11/concurrent/futures/process.py", line 190, in _get_chunks
    chunk = tuple(itertools.islice(it, chunksize))
            ^^^^^^^^^^^^^^^^^^^^^^^^^^^^^^^^^^^^^^
  File "<string>", line 2, in __getitem__
  File "/spack/2206/apps/linux-centos7-x86_64_v3/gcc-11.3.0/python-3.11.3-gl2q3yz/lib/python3.11/multiprocessing/managers.py", line 822, in _callmethod
    kind, result = conn.recv()
                   ^^^^^^^^^^^
  File "/spack/2206/apps/linux-centos7-x86_64_v3/gcc-11.3.0/python-3.11.3-gl2q3yz/lib/python3.11/multiprocessing/connection.py", line 249, in recv
    buf = self._recv_bytes()
          ^^^^^^^^^^^^^^^^^^
  File "/spack/2206/apps/linux-centos7-x86_64_v3/gcc-11.3.0/python-3.11.3-gl2q3yz/lib/python3.11/multiprocessing/connection.py", line 413, in _recv_bytes
    buf = self._recv(4)
          ^^^^^^^^^^^^^
  File "/spack/2206/apps/linux-centos7-x86_64_v3/gcc-11.3.0/python-3.11.3-gl2q3yz/lib/python3.11/multiprocessing/connection.py", line 378, in _recv
    chunk = read(handle, remaining)
            ^^^^^^^^^^^^^^^^^^^^^^^
ConnectionResetError: [Errno 104] Connection reset by peer
slurmstepd: error: Detected 1 oom_kill event in StepId=18691195.batch. Some of the step tasks have been OOM Killed.
